<?xml version="1.0" encoding="UTF-8"?>
<!-- Generated by org.testng.reporters.JUnitXMLReporter -->
<testsuite ignored="0" hostname="Home-Mac.local" failures="0" tests="2" name="TestFirefox" time="361.613" errors="0" timestamp="2024-09-25T09:31:05 IST">
  <testcase classname="testcases.TC001_testcase" name="verify_account_registration" time="0.0">
    <skipped/>
  </testcase> <!-- verify_account_registration -->
  <testcase classname="testcases.TC002_testcase_Login" name="verifylogin" time="0.001">
    <skipped/>
  </testcase> <!-- verifylogin -->
</testsuite> <!-- TestFirefox -->
