<?xml version="1.0" encoding="UTF-8"?>
<!-- Generated by org.testng.reporters.JUnitXMLReporter -->
<testsuite ignored="0" hostname="Home-Mac.local" failures="1" tests="2" name="Test" time="40.343" errors="0" timestamp="2024-10-21T09:02:00 IST">
  <testcase classname="testcases.TC001_testcase" name="verify_account_registration" time="2.84"/>
  <testcase classname="testcases.TC002_testcase_Login" name="verifylogin" time="4.339">
    <failure type="java.lang.AssertionError" message="expected [true] but found [false]">
      <![CDATA[java.lang.AssertionError: expected [true] but found [false]
at testcases.TC002_testcase_Login.verifylogin(TC002_testcase_Login.java:33)
at java.base/java.util.ArrayList.forEach(ArrayList.java:1511)
... Removed 35 stack frames]]>
    </failure>
  </testcase> <!-- verifylogin -->
</testsuite> <!-- Test -->
