<?xml version="1.0" encoding="UTF-8"?>
<testng-results ignored="0" total="1" passed="1" failed="0" skipped="0">
  <reporter-output>
  </reporter-output>
  <suite started-at="2024-10-14T08:53:11 IST" name="Suite" finished-at="2024-10-14T08:53:29 IST" duration-ms="18423">
    <groups>
      <group name="Regression">
        <method signature="TC001_testcase.verify_account_registration()[pri:0, instance:testcases.TC001_testcase@7c37508a]" name="verify_account_registration" class="testcases.TC001_testcase"/>
      </group> <!-- Regression -->
    </groups>
    <test started-at="2024-10-14T08:53:11 IST" name="Test" finished-at="2024-10-14T08:53:29 IST" duration-ms="18423">
      <class name="testcases.TC001_testcase">
        <test-method is-config="true" signature="setup(java.lang.String,java.lang.String)[pri:0, instance:testcases.TC001_testcase@7c37508a]" started-at="2024-10-14T08:53:11 IST" name="setup" finished-at="2024-10-14T08:53:22 IST" duration-ms="10734" status="PASS">
          <params>
            <param index="0">
              <value>
                <![CDATA[MAC]]>
              </value>
            </param>
            <param index="1">
              <value>
                <![CDATA[firefox]]>
              </value>
            </param>
          </params>
          <reporter-output>
          </reporter-output>
        </test-method> <!-- setup -->
        <test-method signature="verify_account_registration()[pri:0, instance:testcases.TC001_testcase@7c37508a]" started-at="2024-10-14T08:53:22 IST" name="verify_account_registration" finished-at="2024-10-14T08:53:24 IST" duration-ms="2410" status="PASS">
          <reporter-output>
          </reporter-output>
        </test-method> <!-- verify_account_registration -->
        <test-method is-config="true" signature="teardown()[pri:0, instance:testcases.TC001_testcase@7c37508a]" started-at="2024-10-14T08:53:24 IST" name="teardown" finished-at="2024-10-14T08:53:29 IST" duration-ms="4891" status="PASS">
          <reporter-output>
          </reporter-output>
        </test-method> <!-- teardown -->
      </class> <!-- testcases.TC001_testcase -->
    </test> <!-- Test -->
  </suite> <!-- Suite -->
</testng-results>
